[Message:   BepInEx] BepInEx 5.4.21.0 - valheim (09.09.2023 0:47:16)
[Message:   BepInEx] User is running BepInExPack Valheim version 5.4.2105 from Thunderstore
[Info   :   BepInEx] Running under Unity v2020.3.45.6687953
[Info   :   BepInEx] CLR runtime version: 4.0.30319.42000
[Info   :   BepInEx] Supports SRE: True
[Info   :   BepInEx] System platform: Bits64, Windows
[Message:   BepInEx] Preloader started
[Info   :   BepInEx] Loaded 1 patcher method from [BepInEx.Preloader 5.4.21.0]
[Info   :   BepInEx] Loaded 1 patcher method from [HS_NoIntro 0.1.0.0]
[Info   :   BepInEx] 2 patcher plugins loaded
[Info   :HS_NoIntro] Removing Intros
[Info   :   BepInEx] Patching [UnityEngine.CoreModule] with [BepInEx.Chainloader]
[Message:   BepInEx] Preloader finished
[Message:   BepInEx] Chainloader ready
[Message:   BepInEx] Chainloader started
[Info   :   BepInEx] 34 plugins to load
[Info   :   BepInEx] Loading [Recycle_N_Reclaim 1.1.8]
[Info   : Unity Log] 09/18/2023 19:49:05: Loaded localization file #0 - 'localization' language: 'English'

[Info   : Unity Log] 09/18/2023 19:49:05: Loaded localization file #1 - 'localization_extra' language: 'English'

[Info   : Unity Log] 09/18/2023 19:49:05: Loaded localization file #2 - 'heightmap_message' language: 'English'

[Info   : Unity Log] 09/18/2023 19:49:05: Loaded localization file #3 - 'localization_hildir' language: 'English'

[Info   : Unity Log] 09/18/2023 19:49:05: Loaded localization file #4 - 'localization_emotes' language: 'English'

[Info   : Unity Log] 09/18/2023 19:49:06: Loaded localization file #0 - 'localization' language: 'Russian'

[Info   : Unity Log] 09/18/2023 19:49:06: Loaded localization file #1 - 'localization_extra' language: 'Russian'

[Info   : Unity Log] 09/18/2023 19:49:06: Loaded localization file #2 - 'heightmap_message' language: 'Russian'

[Info   : Unity Log] 09/18/2023 19:49:06: Loaded localization file #3 - 'localization_hildir' language: 'Russian'

[Info   : Unity Log] 09/18/2023 19:49:06: Loaded localization file #4 - 'localization_emotes' language: 'Russian'

[Info   :   BepInEx] Loading [MagicPlugin 1.6.3]
[Info   :   BepInEx] Loading [VikingsDoSwim 1.2.5]
[Info   :   BepInEx] Loading [VerticallyChallenged 1.0.0]
[Info   :   BepInEx] Loading [Project Auga 1.2.17]
[Warning: Unity Log] Has Chatter: False - Has Sears: False
[Info   :   BepInEx] Loading [Epic Loot 0.9.22]
[Info   :   BepInEx] Loading [Adventure Backpacks 1.6.26]
[Info   :   BepInEx] Loading [CFCMod 1.1.6]
[Info   :   BepInEx] Loading [Configuration Manager 18.0.1]
[Info   :   BepInEx] Loading [Jotunn 2.12.7]
[Info   :    Jotunn] Initializing LocalizationManager
[Info   :    Jotunn] Initializing CommandManager
[Info   :    Jotunn] Initializing InputManager
[Info   :    Jotunn] Initializing SkillManager
[Info   :    Jotunn] Initializing PrefabManager
[Info   :    Jotunn] Initializing ItemManager
[Info   :    Jotunn] Initializing PieceManager
[Info   :    Jotunn] Initializing CreatureManager
[Info   :    Jotunn] Initializing ZoneManager
[Info   :    Jotunn] Initializing MockManager
[Info   :    Jotunn] Initializing KitbashManager
[Info   :    Jotunn] Initializing GUIManager
[Info   :    Jotunn] Initializing KeyHintManager
[Info   :    Jotunn] Initializing NetworkManager
[Info   :    Jotunn] Initializing SynchronizationManager
[Info   :    Jotunn] Initializing RenderManager
[Info   :    Jotunn] Initializing MinimapManager
[Info   :    Jotunn] Initializing UndoManager
[Info   :    Jotunn] Jötunn v2.12.7 loaded successfully
[Info   :   BepInEx] Loading [MultiUserChest 0.5.4]
[Info   :   BepInEx] Loading [ItemHopper 1.3.1]
[Info   :   BepInEx] Loading [VNEI 0.12.0]
[Info   :   BepInEx] Loading [BoneAppetit 3.3.0]
[Message:Boneappetit.BoneAppetit] Prepping Kitchen...
[Message:Boneappetit.BoneAppetit] Big thanks to MeatwareMonster!
[Info   :   BepInEx] Loading [UnforgibbableMod 0.0.1]
[Info   :   BepInEx] Loading [Better Networking 2.3.1]
[Info   :   BepInEx] Loading [Terraheim 2.3.9]
[Warning:Terraheim.Log] No translation file found for Russian; defaulting to English
[Info   :Terraheim.Log] Loaded localization for English
[Info   :Terraheim.Log] Status Effects Injected
[Info   :Terraheim.Log] Chaos armor not found! If you have not installed Chaos Armor, you can safely ignore this
[Info   :Terraheim.Log] Judes Equipment not found! If you have not installed Judes_Equipment, you can safely ignore this.
[Info   :Terraheim.Log] Barbarian armor not found! If you have not installed Barbarian Armor, you can safely ignore this
[Info   :Terraheim.Log] Modifying the fyrd set.
[Info   :Terraheim.Log] Modifying the jotunn set.
[Info   :Terraheim.Log] Modifying the eorl set.
[Info   :Terraheim.Log] Modifying the thegn set.
[Info   :Terraheim.Log] Modifying the root set.
[Info   :Terraheim.Log] Modifying the wyrdwulf set.
[Info   :Terraheim.Log] Modifying the fenris set.
[Info   :Terraheim.Log] Modifying the huscarl set.
[Info   :Terraheim.Log] Modifying the gesith set.
[Info   :Terraheim.Log] Modifying the alne set.
[Info   :Terraheim.Log] Auga detected, modifying Auga tooltips for Terraheim.
[Info   :Terraheim.Log] Patching complete
[Info   :   BepInEx] Loading [TerraheimItems 2.3.8]
[Warning:TerraheimItems] No translation file found for Russian; defaulting to English
[Info   :TerraheimItems] Loaded localization for English
[Message:TerraheimItems] New Bundle Loaded
[Info   :TerraheimItems] Patching complete
[Info   :   BepInEx] Loading [Digitalroot's Bounties 3.0.3]
[Info   :   BepInEx] Loading [Digitalroot TripleBronzeJVL 1.1.31]
[Info   :   BepInEx] Loading [LevelingSystem 0.5.8]
[Info   :   BepInEx] Loading [ServerSideMap 1.3.9.0]
[Info   :ServerSideMap] Store1: False
[Info   :ServerSideMap] Store2: False
[Info   :   BepInEx] Loading [Instantly Destroy Boats and Carts 1.0.3]
[Info   :   BepInEx] Loading [Creature Level & Loot Control 4.5.12]
[Info   : Unity Log] 09/18/2023 19:49:27: Loaded localization file #0 - 'localization' language: 'English'

[Info   : Unity Log] 09/18/2023 19:49:27: Loaded localization file #1 - 'localization_extra' language: 'English'

[Info   : Unity Log] 09/18/2023 19:49:27: Loaded localization file #2 - 'heightmap_message' language: 'English'

[Info   : Unity Log] 09/18/2023 19:49:27: Loaded localization file #3 - 'localization_hildir' language: 'English'

[Info   : Unity Log] 09/18/2023 19:49:27: Loaded localization file #4 - 'localization_emotes' language: 'English'

[Info   : Unity Log] 09/18/2023 19:49:27: Loaded localization file #0 - 'localization' language: 'Russian'

[Info   : Unity Log] 09/18/2023 19:49:27: Loaded localization file #1 - 'localization_extra' language: 'Russian'

[Info   : Unity Log] 09/18/2023 19:49:27: Loaded localization file #2 - 'heightmap_message' language: 'Russian'

[Info   : Unity Log] 09/18/2023 19:49:27: Loaded localization file #3 - 'localization_hildir' language: 'Russian'

[Info   : Unity Log] 09/18/2023 19:49:27: Loaded localization file #4 - 'localization_emotes' language: 'Russian'

[Info   : Unity Log] 09/18/2023 19:49:27: Loaded localization file #0 - 'localization' language: 'English'

[Info   : Unity Log] 09/18/2023 19:49:27: Loaded localization file #1 - 'localization_extra' language: 'English'

[Info   : Unity Log] 09/18/2023 19:49:27: Loaded localization file #2 - 'heightmap_message' language: 'English'

[Info   : Unity Log] 09/18/2023 19:49:27: Loaded localization file #3 - 'localization_hildir' language: 'English'

[Info   : Unity Log] 09/18/2023 19:49:27: Loaded localization file #4 - 'localization_emotes' language: 'English'

[Info   :   BepInEx] Loading [HS_EnhancedBosses 1.10.4]
[Info   :   BepInEx] Loading [ProcreationPlus 1.0.5]
[Info   :   BepInEx] Loading [Steady Regeneration 1.0.2]
[Info   :   BepInEx] Loading [TargetPortal 1.1.10]
[Info   :   BepInEx] Loading [Display BepInEx Info In-Game 2.0.1]
[Info   :   BepInEx] Loading [Build Camera 1.7.0]
[Info   :   BepInEx] Loading [UsefulTrophies 1.0.3]
[Info   :   BepInEx] Loading [ForcePVP 1.0.0.5]
[Info   :  ForcePVP] ForcedPVP [1.0.0.5] is up to date.
[Info   :   BepInEx] Loading [Equipment and Quick Slots 2.1.7]
[Info   :   BepInEx] Loading [MassFarming 1.9]
[Message:   BepInEx] Chainloader startup complete
[Warning: Unity Log] 09/18/2023 19:49:29: Fetching PlatformPrefs 'GuiScale' before loading defaults

[Warning: Unity Log] 09/18/2023 19:49:29: Fetching PlatformPrefs 'GuiScale' before loading defaults

[Info   : Unity Log] 09/18/2023 19:49:29: Starting to load scene:start

[Warning: Unity Log] Only custom filters can be played. Please add a custom filter or an audioclip to the audiosource (Amb_MainMenu).
[Info   : Unity Log] 09/18/2023 19:49:38: Using steam_appid.txt

[Info   : Unity Log] 09/18/2023 19:49:38: Using steam APPID:892970

[Info   : Unity Log] 09/18/2023 19:49:38: Authentication:k_ESteamNetworkingAvailability_Attempting

[Info   : Unity Log] 09/18/2023 19:49:38: Steam initialized, persona:Morgott

[Info   : Unity Log] 09/18/2023 19:49:38: PlayFab custom ID set to "Steam_76561197996210591"

[Info   : Unity Log] 09/18/2023 19:49:38: Using default prefs

[Info   : Unity Log] 09/18/2023 19:49:38: Valheim version: 0.217.14 (network version 12)

[Info   : Unity Log] 09/18/2023 19:49:38: Worldgenerator version setup:2

[Info   :Jotunn.Managers.CommandManager] Adding 7 commands to the Console
[Info   : Unity Log] 09/18/2023 19:49:38: Render threading mode:MultiThreaded

[Info   :Jotunn.Managers.InputManager] Registering 1 custom inputs
[Warning: Unity Log] 09/18/2023 19:49:38: Missing audio clip in music respawn

[Info   : Unity Log] 09/18/2023 19:49:38: Checking for installed DLCs

[Info   : Unity Log] 09/18/2023 19:49:38: DLC:beta installed:False

[Message:Boneappetit.BoneAppetit] Loaded Game VFX and SFX
[Message:Boneappetit.BoneAppetit] Load Complete. Bone Appetit yall.
[Info   :Terraheim.Log] Adding tiers for the beotes set.
[Info   :Terraheim.Log] Adding tiers for the fyrd set.
[Info   :Terraheim.Log] Adding tiers for the jotunn set.
[Info   :Terraheim.Log] Adding tiers for the eorl set.
[Info   :Terraheim.Log] Adding tiers for the thegn set.
[Info   :Terraheim.Log] Adding tiers for the root set.
[Info   :Terraheim.Log] Adding tiers for the wyrdwulf set.
[Info   :Terraheim.Log] Adding tiers for the fenris set.
[Info   :Terraheim.Log] Adding tiers for the huscarl set.
[Info   :Terraheim.Log] Adding tiers for the gesith set.
[Info   :Terraheim.Log] Adding tiers for the alne set.
[Info   :Jotunn.Managers.ItemManager] Adding 212 custom items to the ObjectDB
[Message:HS_EnhancedBosses] Setting up external attacks.
[Message:HS_EnhancedBosses] External attacks created successfully.
[Message:HS_EnhancedBosses] Setting up custom status effects...
[Message:HS_EnhancedBosses] Done.
[Info   :Jotunn.Managers.SkillManager] Registering 1 custom skills
[Info   : Unity Log] 09/18/2023 19:49:39: Sending PlayFab login request (attempt 1)

[Info   : Unity Log] 09/18/2023 19:49:39: Ticket is System.Byte[] of length 369

[Info   : Unity Log] 09/18/2023 19:49:39: Session auth respons callback

[Info   : Unity Log] 09/18/2023 19:49:39: Starting music menu

[Info   : Unity Log] 09/18/2023 19:49:40: PlayFab logged in as "Steam_76561197996210591"

[Info   : Unity Log] 09/18/2023 19:49:40: PlayFab local entity ID is 5FBAC16F4EE6822A

[Info   : Unity Log] 09/18/2023 19:49:45: show character selection

[Info   : Unity Log] 09/18/2023 19:49:46: OnCharacterStart

[Info   : Unity Log] 09/18/2023 19:49:49: Loading main scene

[Info   : Unity Log] 09/18/2023 19:49:49: Steam initialized, persona:Morgott

[Info   : Unity Log] 09/18/2023 19:49:49: PlayFab custom ID set to "Steam_76561197996210591"

[Info   : Unity Log] 09/18/2023 19:49:49: Using default prefs

[Info   :Jotunn.Managers.CommandManager] Adding 7 commands to the Console
[Info   : Unity Log] 09/18/2023 19:49:49: Loading player profile morgott

[Info   : Unity Log] 09/18/2023 19:49:49: isModded: True

[Info   : Unity Log] 09/18/2023 19:49:49: Zonesystem Awake 1138

[Info   : Unity Log] 09/18/2023 19:49:49: DungeonDB Awake 1138

[Info   : Unity Log] 09/18/2023 19:49:49: Steam initialized, persona:Morgott

[Info   : Unity Log] 09/18/2023 19:49:49: Worldgenerator version setup:1

[Info   : Unity Log] Registered 'Azumatt.Recycle_N_Reclaim ConfigSync' RPC - waiting for incoming connections
[Info   : Unity Log] Registered 'blacks7ar.MagicPlugin ConfigSync' RPC - waiting for incoming connections
[Info   : Unity Log] Registered 'blacks7ar.VikingsDoSwim ConfigSync' RPC - waiting for incoming connections
[Info   : Unity Log] Registered 'randyknapp.mods.epicloot ConfigSync' RPC - waiting for incoming connections
[Info   : Unity Log] Registered 'vapok.mods.adventurebackpacks ConfigSync' RPC - waiting for incoming connections
[Info   : Unity Log] Registered 'vapok.mods.adventurebackpacks ItemManager ConfigSync' RPC - waiting for incoming connections
[Info   : Unity Log] Registered 'dk.thrakal.LevelingSystem ConfigSync' RPC - waiting for incoming connections
[Info   :ServerSideMap] ZNet awake
[Info   : Unity Log] Registered 'CL&LC ConfigSync' RPC - waiting for incoming connections
[Info   : Unity Log] Registered 'hs.enhancedbosses ConfigSync' RPC - waiting for incoming connections
[Info   : Unity Log] Registered 'maxfoxgaming.procreationplus ConfigSync' RPC - waiting for incoming connections
[Info   : Unity Log] Registered 'TargetPortal ConfigSync' RPC - waiting for incoming connections
[Info   : Unity Log] Registered 'CFCMod ConfigSync' RPC - waiting for incoming connections
[Info   :Jotunn.Managers.PrefabManager] Adding 250 custom prefabs to the ZNetScene
[Warning: Unity Log] Couldn't create a Convex Mesh from source mesh "ShortFlatRock_A" within the maximum polygons limit (256). The partial hull will be used. Consider simplifying your mesh.
[Message:HS_EnhancedBosses] Added 6 custom attacks to Bonemass.
[Message:HS_EnhancedBosses] Added 8 custom attacks to Eikthyr.
[Message:HS_EnhancedBosses] Added 11 custom attacks to gd_king.
[Message:HS_EnhancedBosses] Added 10 custom attacks to Dragon.
[Message:HS_EnhancedBosses] Added 7 custom attacks to SeekerQueen.
[Message:HS_EnhancedBosses] Added 7 custom attacks to GoblinKing.
[Info   :ProcreationPlus] The following creature configs have been added to ProcreationPlus:
Creature name: Boar
Maximum Stars: 2
Levelup Chance: 25%
Creature name: Wolf
Maximum Stars: 2
Levelup Chance: 10%
Creature name: Lox
Maximum Stars: 1
Levelup Chance: 5%

[Info   : Unity Log] 09/18/2023 19:49:51: Audioman already exist, destroying self

[Info   : Unity Log] 09/18/2023 19:49:51: Checking for installed DLCs

[Info   : Unity Log] 09/18/2023 19:49:51: DLC:beta installed:False

[Info   :Jotunn.Managers.ItemManager] Adding 212 custom items to the ObjectDB
[Info   :Jotunn.Managers.ItemManager] Adding 217 custom recipes to the ObjectDB
[Info   :Jotunn.Managers.ItemManager] Adding 88 custom status effects to the ObjectDB
[Info   :Jotunn.Managers.PieceManager] Adding 29 custom pieces to the PieceTables
[Info   :ServerSideMap] Minimap awake
[Info   :Jotunn.Managers.NetworkManager] Registering 15 custom RPCs
[Info   : Unity Log] 09/18/2023 19:49:54: Zonesystem Start 1138

[Info   : Unity Log] 09/18/2023 19:49:55: Added 3 locations, 0 vegetations, 0 environments, 0 biome env-setups, 0 clutter  from locations_cp1

[Info   : Unity Log] 09/18/2023 19:49:55: Added 1 locations, 0 vegetations, 2 environments, 0 biome env-setups, 0 clutter  from locations_mountaincaves

[Info   : Unity Log] 09/18/2023 19:49:55: Added 27 locations, 25 vegetations, 5 environments, 1 biome env-setups, 3 clutter  from locations_mistlands

[Info   : Unity Log] 09/18/2023 19:49:55: Added 4 locations, 0 vegetations, 1 environments, 0 biome env-setups, 0 clutter  from locations_hildir

[Info   : Unity Log] 09/18/2023 19:49:55: DungeonDB Start 1138

[Info   : Unity Log] 09/18/2023 19:49:55: ZRpc timeout set to 30s 

[Info   : Unity Log] 09/18/2023 19:49:55: Load world: Letsplay (Letsplay)

[Info   : Unity Log] 09/18/2023 19:49:55: Loading 110597 zdos, my sessionID: 3930170061, data version: 32

[Info   : Unity Log] 09/18/2023 19:49:55: Creating ZDOs

[Info   : Unity Log] 09/18/2023 19:49:55: Loading in ZDOs

[Info   : Unity Log] 09/18/2023 19:49:55: Adding to Dictionary

[Info   : Unity Log] 09/18/2023 19:49:55: Adding to Sectors

[Info   : Unity Log] 09/18/2023 19:49:55: Connecting Portals, Spawners & ZSyncTransforms

[Info   : Unity Log] ConnectPortals => Connected 1 portals.
[Info   : Unity Log] ConnectSpawners => Connected 92 spawners and 332 'done' spawners.
[Info   : Unity Log] 09/18/2023 19:49:55: Loaded 9936 locations

[Info   : Unity Log] 09/18/2023 19:49:55: Unloading unused assets

[Info   :ServerSideMap] World .explored save path: /worlds/Letsplay
[Info   :ServerSideMap] new explore file generated
[Info   : Unity Log] 09/18/2023 19:49:55: PrepareSave: clone done in 18ms

[Info   : Unity Log] 09/18/2023 19:49:56: PrepareSave: ZDOExtraData.PrepareSave done in 18 ms

[Info   :ServerSideMap] Map saved. Pin Count: 0
[Info   :ServerSideMap] World .explored save path: /worlds/Letsplay
[Warning:Jotunn.Managers.KeyHintManager] Could not find child objects for KeyHints
[Info   : Unity Log] 09/18/2023 19:49:56: Starting respawn

[Info   : Unity Log] 09/18/2023 19:49:56: Session auth respons callback

[Info   : Unity Log] 09/18/2023 19:50:02: Unpacking compressed mapdata 8915

[Info   : Unity Log] 09/18/2023 19:50:04: tip:$loadscreen_tip17

[Info   : Unity Log] 09/18/2023 19:50:13: Spawned after 8,019994

[Info   :Jotunn.Managers.SkillManager] Registering 1 custom skills
[Info   : Unity Log] 09/18/2023 19:50:13: Queue unlock msg:$msg_newrecipe:Chef Hat

[Info   : Unity Log] 09/18/2023 19:50:13: Queue unlock msg:$msg_newrecipe:$bmp_skulltotem

[Info   : Unity Log] 09/18/2023 19:50:13: Queue unlock msg:$msg_newrecipe:$vds_atlantian_crown

[Info   : Unity Log] 09/18/2023 19:50:13: Queue unlock msg:$msg_newpiece:$piece_hopper_bronze_down

[Info   : Unity Log] 09/18/2023 19:50:13: Queue unlock msg:$msg_newpiece:$piece_hopper_bronze_side

[Info   : Unity Log] 09/18/2023 19:50:13: Queue unlock msg:$msg_newpiece:$piece_pipe_bronze_horizontal_4m

[Info   : Unity Log] 09/18/2023 19:50:13: Queue unlock msg:$msg_newpiece:$piece_pipe_bronze_horizontal_2m

[Info   : Unity Log] 09/18/2023 19:50:13: Queue unlock msg:$msg_newpiece:$piece_pipe_bronze_vertical_up_4m

[Info   : Unity Log] 09/18/2023 19:50:13: Queue unlock msg:$msg_newpiece:$piece_pipe_bronze_vertical_down_4m

[Info   : Unity Log] 09/18/2023 19:50:13: Queue unlock msg:$msg_newpiece:$piece_pipe_bronze_vertical_up_2m

[Info   : Unity Log] 09/18/2023 19:50:13: Queue unlock msg:$msg_newpiece:$piece_pipe_bronze_vertical_down_2m

[Info   : Unity Log] 09/18/2023 19:50:13: Queue unlock msg:$msg_newpiece:$piece_pipe_bronze_diagonal_45_up_4m

[Info   : Unity Log] 09/18/2023 19:50:13: Queue unlock msg:$msg_newpiece:$piece_pipe_bronze_diagonal_45_down_4m

[Info   : Unity Log] 09/18/2023 19:50:13: Queue unlock msg:$msg_newpiece:$piece_pipe_bronze_diagonal_26_up_4m

[Info   : Unity Log] 09/18/2023 19:50:13: Queue unlock msg:$msg_newpiece:$piece_pipe_bronze_diagonal_26_down_4m

[Info   : Unity Log] 09/18/2023 19:50:13: Queue unlock msg:$msg_newpiece:$piece_hopper_iron_down

[Info   : Unity Log] 09/18/2023 19:50:13: Queue unlock msg:$msg_newpiece:$piece_hopper_iron_side

[Info   : Unity Log] 09/18/2023 19:50:13: Queue unlock msg:$msg_newpiece:Grill

[Info   : Unity Log] 09/18/2023 19:50:13: Queue unlock msg:$msg_newpiece:Stone Griddle

[Info   : Unity Log] 09/18/2023 19:50:13: Queue unlock msg:$msg_newpiece:Oven

[Info   : Unity Log] 09/18/2023 19:50:13: Queue unlock msg:$msg_newpiece:Smokeless Firepit

[Info   : Unity Log] 09/18/2023 19:50:13: Queue unlock msg:$msg_newpiece:Smokeless Hearth

[Info   : Unity Log] 09/18/2023 19:50:13: Queue unlock msg:$msg_newpiece:Prep Table

[Info   : Unity Log] 09/18/2023 19:50:13: Queue unlock msg:$msg_newpiece:Smokeless Brazier

[Info   : Unity Log] 09/18/2023 19:50:13: Skipping unloading unused assets

[Info   :      VNEI] Index items and recipes
[Info   :      VNEI] Loaded 1356 items and 2111 recipes
[Info   : Unity Log] 09/18/2023 19:50:14: Minimap: Adding unique location (-123.2, 35.3, -0.8)

[Info   : Unity Log] 09/18/2023 19:50:14: Minimap: Adding unique location (-1163.1, 37.2, 1274.9)

[Info   : Unity Log] 09/18/2023 19:50:16: Starting music meadows

[Info   : Unity Log] 09/18/2023 19:50:16: Resumed music meadows at 0

[Info   : Unity Log] 09/18/2023 19:50:30: Setting selected recipe 0

[Info   : Unity Log] 09/18/2023 19:51:08: Setting selected recipe 0

[Info   : Unity Log] 09/18/2023 19:51:08: Setting selected recipe 0

[Info   : Unity Log] 09/18/2023 19:51:08: Setting selected recipe 0

[Info   : Unity Log] 09/18/2023 19:52:26: Valid True

[Info   : Unity Log] 09/18/2023 19:52:26: On death False

[Info   : Unity Log] 09/18/2023 19:52:26: Valid True

[Info   : Unity Log] 09/18/2023 19:52:26: On death False

[Error  : Unity Log] GUI Error: You are pushing more GUIClips than you are popping. Make sure they are balanced.
